2022-05-03 15:08:37,011 INFO o.a.j.u.JMeterUtils: Setting Locale to en_EN
2022-05-03 15:08:37,030 INFO o.a.j.JMeter: Loading user properties from: user.properties
2022-05-03 15:08:37,031 INFO o.a.j.JMeter: Loading system properties from: system.properties
2022-05-03 15:08:37,046 INFO o.a.j.JMeter: Copyright (c) 1998-2021 The Apache Software Foundation
2022-05-03 15:08:37,047 INFO o.a.j.JMeter: Version 5.4.3
2022-05-03 15:08:37,047 INFO o.a.j.JMeter: java.version=1.8.0_322
2022-05-03 15:08:37,047 INFO o.a.j.JMeter: java.vm.name=OpenJDK 64-Bit Server VM
2022-05-03 15:08:37,047 INFO o.a.j.JMeter: os.name=Linux
2022-05-03 15:08:37,047 INFO o.a.j.JMeter: os.arch=amd64
2022-05-03 15:08:37,047 INFO o.a.j.JMeter: os.version=3.10.0-1160.62.1.el7.x86_64
2022-05-03 15:08:37,047 INFO o.a.j.JMeter: file.encoding=UTF-8
2022-05-03 15:08:37,047 INFO o.a.j.JMeter: java.awt.headless=true
2022-05-03 15:08:37,047 INFO o.a.j.JMeter: Max memory     =1073741824
2022-05-03 15:08:37,048 INFO o.a.j.JMeter: Available Processors =2
2022-05-03 15:08:37,057 INFO o.a.j.JMeter: Default Locale=English (EN)
2022-05-03 15:08:37,057 INFO o.a.j.JMeter: JMeter  Locale=English (EN)
2022-05-03 15:08:37,057 INFO o.a.j.JMeter: JMeterHome=/home/centos7/apache-jmeter-5.4.3
2022-05-03 15:08:37,057 INFO o.a.j.JMeter: user.dir  =/home/centos7/apache-jmeter-5.4.3/bin
2022-05-03 15:08:37,058 INFO o.a.j.JMeter: PWD       =/home/centos7/apache-jmeter-5.4.3/bin
2022-05-03 15:08:37,058 INFO o.a.j.JMeter: IP: 10.182.0.5 Name: instance-3 FullName: instance-3.us-west4-b.c.supple-walker-347816.internal
2022-05-03 15:08:37,065 INFO o.a.j.s.FileServer: Default base='/home/centos7/apache-jmeter-5.4.3/bin'
2022-05-03 15:08:37,066 INFO o.a.j.s.FileServer: Set new base='/home/centos7/apache-jmeter-5.4.3/bin'
2022-05-03 15:08:37,258 INFO o.a.j.s.SaveService: Testplan (JMX) version: 2.2. Testlog (JTL) version: 2.2
2022-05-03 15:08:37,294 INFO o.a.j.s.SaveService: Using SaveService properties file encoding UTF-8
2022-05-03 15:08:37,300 INFO o.a.j.s.SaveService: Using SaveService properties version 5.0
2022-05-03 15:08:37,307 INFO o.a.j.s.SaveService: Loading file: hb_0324.jmx
2022-05-03 15:08:37,363 INFO o.a.j.p.h.c.CookieManager: Settings: Delete null: true Check: true Allow variable: true Save: false Prefix: COOKIE_
2022-05-03 15:08:37,368 INFO o.a.j.p.h.c.CacheManager: Will only cache the following methods: [GET]
2022-05-03 15:08:37,416 INFO o.a.j.p.h.s.HTTPSamplerBase: Parser for text/html is org.apache.jmeter.protocol.http.parser.LagartoBasedHtmlParser
2022-05-03 15:08:37,416 INFO o.a.j.p.h.s.HTTPSamplerBase: Parser for application/xhtml+xml is org.apache.jmeter.protocol.http.parser.LagartoBasedHtmlParser
2022-05-03 15:08:37,417 INFO o.a.j.p.h.s.HTTPSamplerBase: Parser for application/xml is org.apache.jmeter.protocol.http.parser.LagartoBasedHtmlParser
2022-05-03 15:08:37,417 INFO o.a.j.p.h.s.HTTPSamplerBase: Parser for text/xml is org.apache.jmeter.protocol.http.parser.LagartoBasedHtmlParser
2022-05-03 15:08:37,417 INFO o.a.j.p.h.s.HTTPSamplerBase: Parser for text/vnd.wap.wml is org.apache.jmeter.protocol.http.parser.RegexpHTMLParser
2022-05-03 15:08:37,417 INFO o.a.j.p.h.s.HTTPSamplerBase: Parser for text/css is org.apache.jmeter.protocol.http.parser.CssParser
2022-05-03 15:08:37,591 INFO o.a.j.JMeter: Creating summariser <summary>
2022-05-03 15:08:37,606 INFO o.a.j.e.StandardJMeterEngine: Running the test!
2022-05-03 15:08:37,607 INFO o.a.j.s.SampleEvent: List of sample_variables: []
2022-05-03 15:08:37,607 INFO o.a.j.s.SampleEvent: List of sample_variables: []
2022-05-03 15:08:37,615 INFO o.a.j.e.u.CompoundVariable: Note: Function class names must contain the string: '.functions.'
2022-05-03 15:08:37,616 INFO o.a.j.e.u.CompoundVariable: Note: Function class names must not contain the string: '.gui.'
2022-05-03 15:08:38,128 INFO c.b.c.RandomCSVReader: Start reading the file: /home/centos7/apache-jmeter-5.4.3/bin/hb.csv
2022-05-03 15:08:38,141 INFO c.b.c.RandomCSVReader: Reading finished. Found 14 records in your csv file
2022-05-03 15:08:38,144 INFO o.a.j.JMeter: Running test (1651590518144)
2022-05-03 15:08:38,198 INFO o.a.j.e.StandardJMeterEngine: Starting ThreadGroup: 1 : Thread Group
2022-05-03 15:08:38,198 INFO o.a.j.e.StandardJMeterEngine: Starting 1 threads for group Thread Group.
2022-05-03 15:08:38,198 INFO o.a.j.e.StandardJMeterEngine: Thread will continue on error
2022-05-03 15:08:38,198 INFO o.a.j.t.ThreadGroup: Starting thread group... number=1 threads=1 ramp-up=1 delayedStart=false
2022-05-03 15:08:38,215 INFO o.a.j.t.ThreadGroup: Started thread group number 1
2022-05-03 15:08:38,216 INFO o.a.j.e.StandardJMeterEngine: All thread groups have been started
2022-05-03 15:08:38,222 INFO o.a.j.s.SampleResult: Note: Sample TimeStamps are START times
2022-05-03 15:08:38,223 INFO o.a.j.s.SampleResult: sampleresult.default.encoding is set to ISO-8859-1
2022-05-03 15:08:38,223 INFO o.a.j.s.SampleResult: sampleresult.useNanoTime=true
2022-05-03 15:08:38,223 INFO o.a.j.s.SampleResult: sampleresult.nanoThreadSleep=5000
2022-05-03 15:08:38,232 INFO o.a.j.t.JMeterThread: Thread started: Thread Group 1-1
2022-05-03 15:08:38,261 INFO o.a.j.p.h.s.HTTPHCAbstractImpl: Local host = instance-3
2022-05-03 15:08:38,268 INFO o.a.j.p.h.s.HTTPHC4Impl: HTTP request retry count = 0
2022-05-03 15:08:38,586 INFO o.a.j.p.h.p.BaseParser: Created org.apache.jmeter.protocol.http.parser.LagartoBasedHtmlParser
2022-05-03 15:08:38,678 INFO o.a.j.p.h.s.ResourcesDownloader: Creating ResourcesDownloader with keepalive_inseconds : 60
2022-05-03 15:08:38,855 INFO o.a.j.p.h.p.BaseParser: Created org.apache.jmeter.protocol.http.parser.CssParser
2022-05-03 15:08:38,856 INFO o.a.j.p.h.p.BaseParser: Created org.apache.jmeter.protocol.http.parser.CssParser
2022-05-03 15:08:40,913 INFO o.a.j.p.h.s.h.LazyLayeredConnectionSocketFactory: Setting up HTTPS TrustAll Socket Factory
2022-05-03 15:08:40,920 INFO o.a.j.u.JsseSSLManager: Using default SSL protocol: TLS
2022-05-03 15:08:40,920 INFO o.a.j.u.JsseSSLManager: SSL session context: per-thread
2022-05-03 15:08:41,077 INFO o.a.j.u.SSLManager: JmeterKeyStore Location:  type JKS
2022-05-03 15:08:41,081 INFO o.a.j.u.SSLManager: KeyStore created OK
2022-05-03 15:08:41,081 WARN o.a.j.u.SSLManager: Keystore file not found, loading empty keystore
2022-05-03 15:08:44,109 INFO o.a.j.t.JMeterThread: Thread is done: Thread Group 1-1
2022-05-03 15:08:44,110 INFO o.a.j.t.JMeterThread: Thread finished: Thread Group 1-1
2022-05-03 15:08:44,113 INFO o.a.j.e.StandardJMeterEngine: Notifying test listeners of end of test
2022-05-03 15:08:44,114 INFO o.a.j.r.Summariser: summary =     28 in 00:00:06 =    4.7/s Avg:   185 Min:    66 Max:   709 Err:     0 (0.00%)
