2022-05-03 15:07:55,878 INFO o.a.j.u.JMeterUtils: Setting Locale to en_EN
2022-05-03 15:07:55,898 INFO o.a.j.JMeter: Loading user properties from: /home/centos7/apache-jmeter-5.4.3/bin/user.properties
2022-05-03 15:07:55,900 INFO o.a.j.JMeter: Loading system properties from: /home/centos7/apache-jmeter-5.4.3/bin/system.properties
2022-05-03 15:07:55,920 INFO o.a.j.JMeter: Copyright (c) 1998-2021 The Apache Software Foundation
2022-05-03 15:07:55,920 INFO o.a.j.JMeter: Version 5.4.3
2022-05-03 15:07:55,920 INFO o.a.j.JMeter: java.version=1.8.0_322
2022-05-03 15:07:55,920 INFO o.a.j.JMeter: java.vm.name=OpenJDK 64-Bit Server VM
2022-05-03 15:07:55,920 INFO o.a.j.JMeter: os.name=Linux
2022-05-03 15:07:55,920 INFO o.a.j.JMeter: os.arch=amd64
2022-05-03 15:07:55,920 INFO o.a.j.JMeter: os.version=3.10.0-1160.62.1.el7.x86_64
2022-05-03 15:07:55,921 INFO o.a.j.JMeter: file.encoding=UTF-8
2022-05-03 15:07:55,921 INFO o.a.j.JMeter: java.awt.headless=true
2022-05-03 15:07:55,921 INFO o.a.j.JMeter: Max memory     =1073741824
2022-05-03 15:07:55,921 INFO o.a.j.JMeter: Available Processors =2
2022-05-03 15:07:55,928 INFO o.a.j.JMeter: Default Locale=English (EN)
2022-05-03 15:07:55,929 INFO o.a.j.JMeter: JMeter  Locale=English (EN)
2022-05-03 15:07:55,929 INFO o.a.j.JMeter: JMeterHome=/home/centos7/apache-jmeter-5.4.3
2022-05-03 15:07:55,929 INFO o.a.j.JMeter: user.dir  =/home/centos7/apache-jmeter-5.4.3
2022-05-03 15:07:55,929 INFO o.a.j.JMeter: PWD       =/home/centos7/apache-jmeter-5.4.3
2022-05-03 15:07:55,930 INFO o.a.j.JMeter: IP: 10.182.0.5 Name: instance-3 FullName: instance-3.us-west4-b.c.supple-walker-347816.internal
2022-05-03 15:07:55,933 ERROR o.a.j.JMeter: An error occurred: 
org.apache.jmeter.report.config.ConfigurationException: The file /home/centos7/apache-jmeter-5.4.3/hb_0324 doesn't exist or can't be opened
	at org.apache.jmeter.JMeter.runNonGui(JMeter.java:1017) ~[ApacheJMeter_core.jar:5.4.3]
	at org.apache.jmeter.JMeter.startNonGui(JMeter.java:1007) ~[ApacheJMeter_core.jar:5.4.3]
	at org.apache.jmeter.JMeter.start(JMeter.java:579) [ApacheJMeter_core.jar:5.4.3]
	at sun.reflect.NativeMethodAccessorImpl.invoke0(Native Method) ~[?:1.8.0_322]
	at sun.reflect.NativeMethodAccessorImpl.invoke(NativeMethodAccessorImpl.java:62) ~[?:1.8.0_322]
	at sun.reflect.DelegatingMethodAccessorImpl.invoke(DelegatingMethodAccessorImpl.java:43) ~[?:1.8.0_322]
	at java.lang.reflect.Method.invoke(Method.java:498) ~[?:1.8.0_322]
	at org.apache.jmeter.NewDriver.main(NewDriver.java:254) [ApacheJMeter.jar:5.4.3]
